"../../../MyDemoLevelProject/Content/StarterContent/Audio/Fire01.uasset" 0
"../../../MyDemoLevelProject/Content/StarterContent/Audio/Fire01_Cue.uasset" 1
"../../../MyDemoLevelProject/Content/StarterContent/Textures/T_Fire_SubUV.uasset" 2
"../../../MyDemoLevelProject/Content/StarterContent/Textures/T_Fire_Tiled_D.uasset" 3
"../../../MyDemoLevelProject/Content/StarterContent/Particles/Materials/M_Fire_SubUV.uasset" 4
"../../../MyDemoLevelProject/Content/StarterContent/Textures/T_Water_N.uasset" 5
"../../../MyDemoLevelProject/Content/StarterContent/Particles/Materials/M_Heat_Distortion.uasset" 6
"../../../Engine/Content/Functions/Engine_MaterialFunctions01/Gradient/RadialGradient.uasset" 7
"../../../MyDemoLevelProject/Content/StarterContent/Particles/Materials/M_Radial_Gradient.uasset" 8
"../../../MyDemoLevelProject/Content/StarterContent/Textures/T_Smoke_SubUV.uasset" 9
"../../../MyDemoLevelProject/Content/StarterContent/Textures/T_Smoke_Tiled_D.uasset" 10
"../../../MyDemoLevelProject/Content/StarterContent/Particles/Materials/M_smoke_subUV.uasset" 11
"../../../MyDemoLevelProject/Content/StarterContent/Particles/P_Fire.uasset" 12
"../../../MyDemoLevelProject/Content/StarterContent/Blueprints/Blueprint_Effect_Fire.uasset" 13
"../../../MyDemoLevelProject/Content/StarterContent/Audio/Smoke01.uasset" 14
"../../../MyDemoLevelProject/Content/StarterContent/Audio/Smoke01_Cue.uasset" 15
"../../../MyDemoLevelProject/Content/StarterContent/Particles/P_Smoke.uasset" 16
"../../../MyDemoLevelProject/Content/StarterContent/Blueprints/Blueprint_Effect_Smoke.uasset" 17
"../../../MyDemoLevelProject/Content/StarterContent/Audio/Fire_Sparks01.uasset" 18
"../../../MyDemoLevelProject/Content/StarterContent/Audio/Fire_Sparks01_Cue.uasset" 19
"../../../MyDemoLevelProject/Content/StarterContent/Textures/T_Spark_Core.uasset" 20
"../../../MyDemoLevelProject/Content/StarterContent/Particles/Materials/M_Spark.uasset" 21
"../../../MyDemoLevelProject/Content/StarterContent/Particles/P_Sparks.uasset" 22
"../../../MyDemoLevelProject/Content/StarterContent/Blueprints/Blueprint_Effect_Sparks.uasset" 23
"../../../MyDemoLevelProject/Content/StarterContent/Audio/Steam01.uasset" 24
"../../../MyDemoLevelProject/Content/StarterContent/Audio/Steam01_Cue.uasset" 25
"../../../MyDemoLevelProject/Content/StarterContent/Particles/P_Steam_Lit.uasset" 26
"../../../MyDemoLevelProject/Content/StarterContent/Blueprints/Blueprint_Effect_Steam.uasset" 27
"../../../Engine/Content/EditorBlueprintResources/StandardMacros.uasset" 28
"../../../Engine/Content/EngineSky/C_Sky_Cloud_Color.uasset" 29
"../../../Engine/Content/EngineSky/C_Sky_Horizon_Color.uasset" 30
"../../../Engine/Content/EngineSky/C_Sky_Zenith_Color.uasset" 31
"../../../Engine/Content/EngineSky/T_Sky_Blue.uasset" 32
"../../../Engine/Content/EngineSky/T_Sky_Clouds_M.uasset" 33
"../../../Engine/Content/EngineSky/T_Sky_Stars.uasset" 34
"../../../Engine/Content/EngineSky/SM_SkySphere.uasset" 35
"../../../Engine/Content/EngineSky/M_Sky_Panning_Clouds2.uasset" 36
"../../../Engine/Content/EngineSky/BP_Sky_Sphere.uasset" 37
"../../../MyDemoLevelProject/Content/StarterContent/Textures/T_Lamp_M.uasset" 38
"../../../MyDemoLevelProject/Content/StarterContent/Textures/T_Lamp_N.uasset" 39
"../../../MyDemoLevelProject/Content/StarterContent/Props/Materials/M_Lamp.uasset" 40
"../../../MyDemoLevelProject/Content/StarterContent/Props/SM_Lamp_Ceiling.uasset" 41
"../../../MyDemoLevelProject/Content/StarterContent/Blueprints/Blueprint_CeilingLight.uasset" 42
"../../../MyDemoLevelProject/Content/StarterContent/Props/SM_Lamp_Wall.uasset" 43
"../../../MyDemoLevelProject/Content/StarterContent/Blueprints/Blueprint_WallSconce.uasset" 44
"../../../Engine/Content/EngineFonts/RobotoDistanceField.uasset" 45
"../../../Engine/Content/Functions/Engine_MaterialFunctions03/Procedurals/ComputeFilterWidth.uasset" 46
"../../../Engine/Content/EngineMaterials/AntiAliasedTextMaterialTranslucent.uasset" 47
"../../../Engine/Content/Functions/Engine_MaterialFunctions01/Opacity/CameraDepthFade.uasset" 48
"../../../Engine/Content/EngineMaterials/T_Default_Material_Grid_M.uasset" 49
"../../../Engine/Content/EngineMaterials/T_Default_Material_Grid_N.uasset" 50
"../../../Engine/Content/EngineMaterials/WorldGridMaterial.uasset" 51
"../../../MyDemoLevelProject/Content/StarterContent/Textures/T_Brick_Clay_Beveled_D.uasset" 52
"../../../MyDemoLevelProject/Content/StarterContent/Textures/T_Brick_Clay_Beveled_M.uasset" 53
"../../../MyDemoLevelProject/Content/StarterContent/Textures/T_Brick_Clay_Beveled_N.uasset" 54
"../../../MyDemoLevelProject/Content/StarterContent/Textures/T_MacroVariation.uasset" 55
"../../../MyDemoLevelProject/Content/StarterContent/Materials/M_Brick_Clay_Beveled.uasset" 56
"../../../MyDemoLevelProject/Content/StarterContent/Textures/T_Brick_Clay_New_D.uasset" 57
"../../../MyDemoLevelProject/Content/StarterContent/Textures/T_Brick_Clay_New_M.uasset" 58
"../../../MyDemoLevelProject/Content/StarterContent/Textures/T_Brick_Clay_New_N.uasset" 59
"../../../MyDemoLevelProject/Content/StarterContent/Textures/T_Detail_Rocky_N.uasset" 60
"../../../MyDemoLevelProject/Content/StarterContent/Materials/M_Brick_Clay_New.uasset" 61
"../../../MyDemoLevelProject/Content/StarterContent/Textures/T_Brick_Clay_Old_D.uasset" 62
"../../../MyDemoLevelProject/Content/StarterContent/Textures/T_Brick_Clay_Old_N.uasset" 63
"../../../MyDemoLevelProject/Content/StarterContent/Textures/T_Perlin_Noise_M.uasset" 64
"../../../MyDemoLevelProject/Content/StarterContent/Materials/M_Brick_Clay_Old.uasset" 65
"../../../MyDemoLevelProject/Content/StarterContent/Textures/T_Brick_Cut_Stone_D.uasset" 66
"../../../MyDemoLevelProject/Content/StarterContent/Textures/T_Brick_Cut_Stone_N.uasset" 67
"../../../MyDemoLevelProject/Content/StarterContent/Materials/M_Brick_Cut_Stone.uasset" 68
"../../../MyDemoLevelProject/Content/StarterContent/Textures/T_Brick_Hewn_Stone_D.uasset" 69
"../../../MyDemoLevelProject/Content/StarterContent/Textures/T_Brick_Hewn_Stone_M.uasset" 70
"../../../MyDemoLevelProject/Content/StarterContent/Textures/T_Brick_Hewn_Stone_N.uasset" 71
"../../../MyDemoLevelProject/Content/StarterContent/Materials/M_Brick_Hewn_Stone.uasset" 72
"../../../MyDemoLevelProject/Content/StarterContent/Textures/T_Ceramic_Tile_M.uasset" 73
"../../../MyDemoLevelProject/Content/StarterContent/Textures/T_Ceramic_Tile_N.uasset" 74
"../../../MyDemoLevelProject/Content/StarterContent/Textures/T_Rock_Marble_Polished_D.uasset" 75
"../../../MyDemoLevelProject/Content/StarterContent/Materials/M_Ceramic_Tile_Checker.uasset" 76
"../../../MyDemoLevelProject/Content/StarterContent/Textures/T_CobbleStone_Pebble_D.uasset" 77
"../../../MyDemoLevelProject/Content/StarterContent/Textures/T_CobbleStone_Pebble_M.uasset" 78
"../../../MyDemoLevelProject/Content/StarterContent/Textures/T_CobbleStone_Pebble_N.uasset" 79
"../../../MyDemoLevelProject/Content/StarterContent/Materials/M_CobbleStone_Pebble.uasset" 80
"../../../MyDemoLevelProject/Content/StarterContent/Textures/T_CobbleStone_Rough_D.uasset" 81
"../../../MyDemoLevelProject/Content/StarterContent/Textures/T_CobbleStone_Rough_N.uasset" 82
"../../../MyDemoLevelProject/Content/StarterContent/Textures/T_Gradinet_01.uasset" 83
"../../../MyDemoLevelProject/Content/StarterContent/Textures/T_Rock_Smooth_Granite_D.uasset" 84
"../../../MyDemoLevelProject/Content/StarterContent/Materials/M_CobbleStone_Rough.uasset" 85
"../../../MyDemoLevelProject/Content/StarterContent/Textures/T_CobbleStone_Smooth_D.uasset" 86
"../../../MyDemoLevelProject/Content/StarterContent/Textures/T_CobbleStone_Smooth_M.uasset" 87
"../../../MyDemoLevelProject/Content/StarterContent/Textures/T_CobbleStone_Smooth_N.uasset" 88
"../../../MyDemoLevelProject/Content/StarterContent/Materials/M_CobbleStone_Smooth.uasset" 89
"../../../MyDemoLevelProject/Content/StarterContent/Textures/T_Concrete_Grime_D.uasset" 90
"../../../MyDemoLevelProject/Content/StarterContent/Textures/T_Metal_Rust_N.uasset" 91
"../../../MyDemoLevelProject/Content/StarterContent/Materials/M_Concrete_Grime.uasset" 92
"../../../MyDemoLevelProject/Content/StarterContent/Textures/T_Concrete_Panels_D.uasset" 93
"../../../MyDemoLevelProject/Content/StarterContent/Textures/T_Concrete_Panels_N.uasset" 94
"../../../MyDemoLevelProject/Content/StarterContent/Materials/M_Concrete_Panels.uasset" 95
"../../../MyDemoLevelProject/Content/StarterContent/Textures/T_Concrete_Poured_D.uasset" 96
"../../../MyDemoLevelProject/Content/StarterContent/Textures/T_Concrete_Poured_N.uasset" 97
"../../../MyDemoLevelProject/Content/StarterContent/Materials/M_Concrete_Poured.uasset" 98
"../../../MyDemoLevelProject/Content/StarterContent/Textures/T_Concrete_Tiles_D.uasset" 99
"../../../MyDemoLevelProject/Content/StarterContent/Textures/T_Concrete_Tiles_M.uasset" 100
"../../../MyDemoLevelProject/Content/StarterContent/Textures/T_Concrete_Tiles_N.uasset" 101
"../../../MyDemoLevelProject/Content/StarterContent/Textures/T_Concrete_Tiles_Variation_M.uasset" 102
"../../../MyDemoLevelProject/Content/StarterContent/Materials/M_Concrete_Tiles.uasset" 103
"../../../MyDemoLevelProject/Content/StarterContent/Textures/T_Ground_Grass_D.uasset" 104
"../../../MyDemoLevelProject/Content/StarterContent/Textures/T_Ground_Grass_N.uasset" 105
"../../../MyDemoLevelProject/Content/StarterContent/Materials/M_Ground_Grass.uasset" 106
"../../../MyDemoLevelProject/Content/StarterContent/Textures/T_Ground_Gravel_D.uasset" 107
"../../../MyDemoLevelProject/Content/StarterContent/Textures/T_Ground_Gravel_N.uasset" 108
"../../../MyDemoLevelProject/Content/StarterContent/Materials/M_Ground_Gravel.uasset" 109
"../../../MyDemoLevelProject/Content/StarterContent/Textures/T_ground_Moss_D.uasset" 110
"../../../MyDemoLevelProject/Content/StarterContent/Textures/T_Ground_Moss_N.uasset" 111
"../../../MyDemoLevelProject/Content/StarterContent/Materials/M_Ground_Moss.uasset" 112
"../../../MyDemoLevelProject/Content/StarterContent/Materials/M_Metal_Brushed_Nickel.uasset" 113
"../../../MyDemoLevelProject/Content/StarterContent/Textures/T_Metal_Aluminum_D.uasset" 114
"../../../MyDemoLevelProject/Content/StarterContent/Textures/T_Metal_Gold_N.uasset" 115
"../../../MyDemoLevelProject/Content/StarterContent/Materials/M_Metal_Burnished_Steel.uasset" 116
"../../../MyDemoLevelProject/Content/StarterContent/Materials/M_Metal_Chrome.uasset" 117
"../../../MyDemoLevelProject/Content/StarterContent/Textures/T_Metal_Copper_D.uasset" 118
"../../../MyDemoLevelProject/Content/StarterContent/Materials/M_Metal_Copper.uasset" 119
"../../../MyDemoLevelProject/Content/StarterContent/Textures/T_Metal_Gold_D.uasset" 120
"../../../MyDemoLevelProject/Content/StarterContent/Materials/M_Metal_Gold.uasset" 121
"../../../Engine/Content/Functions/Engine_MaterialFunctions02/Utility/BlendAngleCorrectedNormals.uasset" 122
"../../../MyDemoLevelProject/Content/StarterContent/Textures/T_Metal_Rust_D.uasset" 123
"../../../MyDemoLevelProject/Content/StarterContent/Materials/M_Metal_Rust.uasset" 124
"../../../MyDemoLevelProject/Content/StarterContent/Textures/T_Metal_Steel_D.uasset" 125
"../../../MyDemoLevelProject/Content/StarterContent/Textures/T_Metal_Steel_N.uasset" 126
"../../../MyDemoLevelProject/Content/StarterContent/Materials/M_Metal_Steel.uasset" 127
"../../../MyDemoLevelProject/Content/StarterContent/Textures/T_Rock_Basalt_D.uasset" 128
"../../../MyDemoLevelProject/Content/StarterContent/Textures/T_Rock_Basalt_N.uasset" 129
"../../../MyDemoLevelProject/Content/StarterContent/Materials/M_Rock_Basalt.uasset" 130
"../../../MyDemoLevelProject/Content/StarterContent/Materials/M_Rock_Marble_Polished.uasset" 131
"../../../MyDemoLevelProject/Content/StarterContent/Textures/T_Rock_Sandstone_D.uasset" 132
"../../../MyDemoLevelProject/Content/StarterContent/Textures/T_Rock_Sandstone_N.uasset" 133
"../../../MyDemoLevelProject/Content/StarterContent/Materials/M_Rock_Sandstone.uasset" 134
"../../../MyDemoLevelProject/Content/StarterContent/Textures/T_Rock_Slate_D.uasset" 135
"../../../MyDemoLevelProject/Content/StarterContent/Textures/T_Rock_Slate_N.uasset" 136
"../../../MyDemoLevelProject/Content/StarterContent/Materials/M_Rock_Slate.uasset" 137
"../../../MyDemoLevelProject/Content/StarterContent/Textures/T_Checker_Noise_M.uasset" 138
"../../../MyDemoLevelProject/Content/StarterContent/Textures/T_Single_Tile_N.uasset" 139
"../../../MyDemoLevelProject/Content/StarterContent/Textures/T_Tech_Dot_M.uasset" 140
"../../../MyDemoLevelProject/Content/StarterContent/Textures/T_Tech_Dot_N.uasset" 141
"../../../MyDemoLevelProject/Content/StarterContent/Materials/M_Tech_Checker_Dot.uasset" 142
"../../../MyDemoLevelProject/Content/StarterContent/Textures/T_Tech_Hex_Tile_M.uasset" 143
"../../../MyDemoLevelProject/Content/StarterContent/Textures/T_Tech_Hex_Tile_N.uasset" 144
"../../../MyDemoLevelProject/Content/StarterContent/Materials/M_Tech_Hex_Tile.uasset" 145
"../../../MyDemoLevelProject/Content/StarterContent/Materials/M_Tech_Hex_Tile_Pulse.uasset" 146
"../../../MyDemoLevelProject/Content/StarterContent/Textures/T_Tech_Panel_M.uasset" 147
"../../../MyDemoLevelProject/Content/StarterContent/Textures/T_Tech_Panel_N.uasset" 148
"../../../MyDemoLevelProject/Content/StarterContent/Materials/M_Tech_Panel.uasset" 149
"../../../MyDemoLevelProject/Content/StarterContent/Materials/M_Water_Lake.uasset" 150
"../../../MyDemoLevelProject/Content/StarterContent/Textures/T_Water_M.uasset" 151
"../../../MyDemoLevelProject/Content/StarterContent/Materials/M_Water_Ocean.uasset" 152
"../../../MyDemoLevelProject/Content/StarterContent/Textures/T_Wood_Floor_Walnut_D.uasset" 153
"../../../MyDemoLevelProject/Content/StarterContent/Textures/T_Wood_Floor_Walnut_M.uasset" 154
"../../../MyDemoLevelProject/Content/StarterContent/Textures/T_Wood_Floor_Walnut_N.uasset" 155
"../../../MyDemoLevelProject/Content/StarterContent/Materials/M_Wood_Floor_Walnut_Polished.uasset" 156
"../../../Engine/Content/Functions/Engine_MaterialFunctions01/Opacity/AlphaOffset.uasset" 157
"../../../MyDemoLevelProject/Content/StarterContent/Materials/M_Wood_Floor_Walnut_Worn.uasset" 158
"../../../MyDemoLevelProject/Content/StarterContent/Textures/T_Wood_Oak_D.uasset" 159
"../../../MyDemoLevelProject/Content/StarterContent/Textures/T_Wood_Oak_N.uasset" 160
"../../../MyDemoLevelProject/Content/StarterContent/Materials/M_Wood_Oak.uasset" 161
"../../../MyDemoLevelProject/Content/StarterContent/Textures/T_Wood_Pine_D.uasset" 162
"../../../MyDemoLevelProject/Content/StarterContent/Textures/T_Wood_Pine_N.uasset" 163
"../../../MyDemoLevelProject/Content/StarterContent/Materials/M_Wood_Pine.uasset" 164
"../../../MyDemoLevelProject/Content/StarterContent/Textures/T_Wood_Walnut_D.uasset" 165
"../../../MyDemoLevelProject/Content/StarterContent/Textures/T_Wood_Walnut_N.uasset" 166
"../../../MyDemoLevelProject/Content/StarterContent/Materials/M_Wood_Walnut.uasset" 167
"../../../MyDemoLevelProject/Content/StarterContent/Textures/T_Chair_M.uasset" 168
"../../../MyDemoLevelProject/Content/StarterContent/Textures/T_Chair_N.uasset" 169
"../../../MyDemoLevelProject/Content/StarterContent/Props/Materials/M_Chair.uasset" 170
"../../../MyDemoLevelProject/Content/StarterContent/Materials/M_Basic_Floor.uasset" 171
"../../../MyDemoLevelProject/Content/StarterContent/Architecture/Floor_400x400.uasset" 172
"../../../MyDemoLevelProject/Content/StarterContent/Materials/M_Basic_Wall.uasset" 173
"../../../MyDemoLevelProject/Content/StarterContent/Architecture/Wall_400x200.uasset" 174
"../../../MyDemoLevelProject/Content/StarterContent/Architecture/Wall_Door_400x300.uasset" 175
"../../../MyDemoLevelProject/Content/StarterContent/Architecture/Wall_Window_400x300.uasset" 176
"../../../MyDemoLevelProject/Content/StarterContent/Audio/Collapse01.uasset" 177
"../../../MyDemoLevelProject/Content/StarterContent/Audio/Collapse02.uasset" 178
"../../../MyDemoLevelProject/Content/StarterContent/Audio/Collapse_Cue.uasset" 179
"../../../MyDemoLevelProject/Content/StarterContent/Audio/Starter_Birds01.uasset" 180
"../../../MyDemoLevelProject/Content/StarterContent/Audio/Starter_Wind05.uasset" 181
"../../../MyDemoLevelProject/Content/StarterContent/Audio/Starter_Wind06.uasset" 182
"../../../MyDemoLevelProject/Content/StarterContent/Audio/Starter_Background_Cue.uasset" 183
"../../../MyDemoLevelProject/Content/StarterContent/Audio/Starter_Music01.uasset" 184
"../../../MyDemoLevelProject/Content/StarterContent/Audio/Starter_Music_Cue.uasset" 185
"../../../MyDemoLevelProject/Content/StarterContent/Textures/T_Dust_Particle_D.uasset" 186
"../../../MyDemoLevelProject/Content/StarterContent/Particles/Materials/M_Dust_Particle.uasset" 187
"../../../MyDemoLevelProject/Content/StarterContent/Particles/P_Ambient_Dust.uasset" 188
"../../../MyDemoLevelProject/Content/StarterContent/Props/MaterialSphere.uasset" 189
"../../../MyDemoLevelProject/Content/StarterContent/Props/SM_Chair.uasset" 190
"../../../MyDemoLevelProject/Content/StarterContent/Textures/T_Frame_M.uasset" 191
"../../../MyDemoLevelProject/Content/StarterContent/Textures/T_Frame_N.uasset" 192
"../../../MyDemoLevelProject/Content/StarterContent/Props/Materials/M_Frame.uasset" 193
"../../../MyDemoLevelProject/Content/StarterContent/Props/SM_CornerFrame.uasset" 194
"../../../MyDemoLevelProject/Content/StarterContent/Props/SM_DoorFrame.uasset" 195
"../../../MyDemoLevelProject/Content/StarterContent/Materials/M_Glass.uasset" 196
"../../../MyDemoLevelProject/Content/StarterContent/Props/SM_GlassWindow.uasset" 197
"../../../MyDemoLevelProject/Content/StarterContent/Props/SM_PillarFrame.uasset" 198
"../../../MyDemoLevelProject/Content/StarterContent/Props/SM_PillarFrame300.uasset" 199
"../../../MyDemoLevelProject/Content/StarterContent/Textures/T_Statue_M.uasset" 200
"../../../MyDemoLevelProject/Content/StarterContent/Textures/T_Statue_N.uasset" 201
"../../../MyDemoLevelProject/Content/StarterContent/Props/Materials/M_Statue.uasset" 202
"../../../MyDemoLevelProject/Content/StarterContent/Props/Materials/M_StatueGlass.uasset" 203
"../../../MyDemoLevelProject/Content/StarterContent/Props/SM_Statue.uasset" 204
"../../../MyDemoLevelProject/Content/StarterContent/Textures/T_TableRound_M.uasset" 205
"../../../MyDemoLevelProject/Content/StarterContent/Textures/T_TableRound_N.uasset" 206
"../../../MyDemoLevelProject/Content/StarterContent/Props/Materials/M_TableRound.uasset" 207
"../../../MyDemoLevelProject/Content/StarterContent/Props/SM_TableRound.uasset" 208
"../../../MyDemoLevelProject/Content/StarterContent/Props/SM_WindowFrame.uasset" 209
"../../../MyDemoLevelProject/Content/StarterContent/Shapes/Shape_Cube.uasset" 210
"../../../MyDemoLevelProject/Content/StarterContent/Shapes/Shape_QuadPyramid.uasset" 211
"../../../MyDemoLevelProject/Content/StarterContent/Shapes/Shape_Sphere.uasset" 212
"../../../MyDemoLevelProject/Content/StarterContent/Maps/StarterMap.umap" 213
"../../../Engine/Content/Functions/MaterialLayerFunctions/MatLayerBlend_NormalBlend.uasset" 214
"../../../Engine/Content/Functions/MaterialLayerFunctions/MatLayerBlend_Simple.uasset" 215
"../../../MyDemoLevelProject/Content/FirstPerson/Character/Materials/MaterialLayers/T_ML_Rubber_Blue_01_D.uasset" 216
"../../../MyDemoLevelProject/Content/FirstPerson/Character/Materials/MaterialLayers/T_ML_Rubber_Blue_01_N.uasset" 217
"../../../MyDemoLevelProject/Content/FirstPerson/Character/Materials/MaterialLayers/ML_GlossyBlack_Latex_UE4.uasset" 218
"../../../MyDemoLevelProject/Content/FirstPerson/Character/Materials/MaterialLayers/ML_Plastic_Shiny_Beige.uasset" 219
"../../../MyDemoLevelProject/Content/FirstPerson/Character/Textures/UE4_LOGO_CARD.uasset" 220
"../../../MyDemoLevelProject/Content/FirstPerson/Character/Materials/MaterialLayers/ML_Plastic_Shiny_Beige_LOGO.uasset" 221
"../../../MyDemoLevelProject/Content/FirstPerson/Character/Materials/MaterialLayers/T_ML_Aluminum01.uasset" 222
"../../../MyDemoLevelProject/Content/FirstPerson/Character/Materials/MaterialLayers/T_ML_Aluminum01_N.uasset" 223
"../../../MyDemoLevelProject/Content/FirstPerson/Character/Materials/MaterialLayers/ML_SoftMetal_UE4.uasset" 224
"../../../MyDemoLevelProject/Content/FirstPerson/Character/Textures/UE4_Mannequin__normals.uasset" 225
"../../../MyDemoLevelProject/Content/FirstPerson/Character/Textures/UE4_Mannequin_MAT_MASKA.uasset" 226
"../../../MyDemoLevelProject/Content/FirstPerson/Character/Materials/M_UE4Man_Body.uasset" 227
"../../../MyDemoLevelProject/Content/FirstPerson/Character/Mesh/SK_Mannequin_Arms_PhysicsAsset.uasset" 228
"../../../MyDemoLevelProject/Content/FirstPerson/Character/Mesh/SK_Mannequin_Arms.uasset" 229
"../../../MyDemoLevelProject/Content/FirstPerson/Character/Mesh/SK_Mannequin_Arms_Skeleton.uasset" 230
"../../../MyDemoLevelProject/Content/FirstPerson/Animations/FirstPerson_Idle.uasset" 231
"../../../MyDemoLevelProject/Content/FirstPerson/Animations/FirstPerson_JumpEnd.uasset" 232
"../../../MyDemoLevelProject/Content/FirstPerson/Animations/FirstPerson_JumpLoop.uasset" 233
"../../../MyDemoLevelProject/Content/FirstPerson/Animations/FirstPerson_JumpStart.uasset" 234
"../../../MyDemoLevelProject/Content/FirstPerson/Animations/FirstPerson_Run.uasset" 235
"../../../MyDemoLevelProject/Content/FirstPerson/Animations/FirstPerson_AnimBP.uasset" 236
"../../../MyDemoLevelProject/Content/FirstPerson/Animations/FirstPerson_Fire.uasset" 237
"../../../MyDemoLevelProject/Content/FirstPerson/Animations/FirstPersonFire_Montage.uasset" 238
"../../../MyDemoLevelProject/Content/FirstPerson/Meshes/BaseMaterial.uasset" 239
"../../../MyDemoLevelProject/Content/FirstPerson/Meshes/FirstPersonProjectileMaterial.uasset" 240
"../../../MyDemoLevelProject/Content/FirstPerson/Meshes/FirstPersonProjectileMesh.uasset" 241
"../../../MyDemoLevelProject/Content/FirstPersonBP/Blueprints/FirstPersonProjectile.uasset" 242
"../../../MyDemoLevelProject/Content/FirstPerson/Audio/FirstPersonTemplateWeaponFire02.uasset" 243
"../../../MyDemoLevelProject/Content/FirstPerson/FPWeapon/Materials/MaterialLayers/T_ML_Rubber_Blue_01_D.uasset" 244
"../../../MyDemoLevelProject/Content/FirstPerson/FPWeapon/Materials/MaterialLayers/T_ML_Rubber_Blue_01_N.uasset" 245
"../../../MyDemoLevelProject/Content/FirstPerson/FPWeapon/Materials/MaterialLayers/ML_GlossyBlack_Latex_UE4.uasset" 246
"../../../MyDemoLevelProject/Content/FirstPerson/FPWeapon/Materials/MaterialLayers/ML_Plastic_Shiny_Beige.uasset" 247
"../../../MyDemoLevelProject/Content/FirstPerson/FPWeapon/Materials/MaterialLayers/ML_Screen.uasset" 248
"../../../MyDemoLevelProject/Content/FirstPerson/FPWeapon/Materials/MaterialLayers/T_ML_Aluminum01.uasset" 249
"../../../MyDemoLevelProject/Content/FirstPerson/FPWeapon/Materials/MaterialLayers/T_ML_Aluminum01_N.uasset" 250
"../../../MyDemoLevelProject/Content/FirstPerson/FPWeapon/Materials/MaterialLayers/ML_SoftMetal_UE4.uasset" 251
"../../../MyDemoLevelProject/Content/FirstPerson/FPWeapon/Textures/T_FPGun_M.uasset" 252
"../../../MyDemoLevelProject/Content/FirstPerson/FPWeapon/Textures/T_FPGun_N.uasset" 253
"../../../MyDemoLevelProject/Content/FirstPerson/FPWeapon/Materials/M_FPGun.uasset" 254
"../../../MyDemoLevelProject/Content/FirstPerson/FPWeapon/Mesh/SK_FPGun_Skeleton.uasset" 255
"../../../MyDemoLevelProject/Content/FirstPerson/FPWeapon/Mesh/SK_FPGun.uasset" 256
"../../../MyDemoLevelProject/Content/FirstPersonBP/Blueprints/FirstPersonCharacter.uasset" 257
"../../../MyDemoLevelProject/Content/FirstPerson/Meshes/CubeMaterialOverride.uasset" 258
"../../../MyDemoLevelProject/Content/Geometry/Meshes/CubeMaterial.uasset" 259
"../../../MyDemoLevelProject/Content/Geometry/Meshes/1M_Cube.uasset" 260
"../../../MyDemoLevelProject/Content/FirstPersonBP/Maps/FirstPersonExampleMap.umap" 261
"../../../MyDemoLevelProject/Content/StarterContent/Architecture/Pillar_50x500.uasset" 262
"../../../MyDemoLevelProject/Content/StarterContent/Textures/T_Bush_D.uasset" 263
"../../../MyDemoLevelProject/Content/StarterContent/Textures/T_Bush_N.uasset" 264
"../../../MyDemoLevelProject/Content/StarterContent/Props/Materials/M_Bush.uasset" 265
"../../../MyDemoLevelProject/Content/StarterContent/Props/SM_Bush.uasset" 266
"../../../MyDemoLevelProject/Content/StarterContent/Props/SM_Couch.uasset" 267
"../../../MyDemoLevelProject/Content/StarterContent/Props/Materials/M_MaterialSphere.uasset" 268
"../../../MyDemoLevelProject/Content/StarterContent/Props/Materials/M_MaterialSphere_Plain.uasset" 269
"../../../MyDemoLevelProject/Content/StarterContent/Props/SM_MatPreviewMesh_02.uasset" 270
"../../../MyDemoLevelProject/Content/StarterContent/Textures/T_RockMesh_M.uasset" 271
"../../../MyDemoLevelProject/Content/StarterContent/Textures/T_RockMesh_N.uasset" 272
"../../../MyDemoLevelProject/Content/StarterContent/Props/Materials/M_Rock.uasset" 273
"../../../MyDemoLevelProject/Content/StarterContent/Props/SM_Rock.uasset" 274
"../../../MyDemoLevelProject/Content/StarterContent/Textures/T_Shelf_M.uasset" 275
"../../../MyDemoLevelProject/Content/StarterContent/Textures/T_Shelf_N.uasset" 276
"../../../MyDemoLevelProject/Content/StarterContent/Props/Materials/M_Shelf.uasset" 277
"../../../MyDemoLevelProject/Content/StarterContent/Props/SM_Shelf.uasset" 278
"../../../MyDemoLevelProject/Content/StarterContent/Props/SM_Stairs.uasset" 279
"../../../MyDemoLevelProject/Content/MyDemoLevel.umap" 280
"../../../Engine/Content/EngineMaterials/DefaultMaterial.uasset" 281
"../../../Engine/Content/EngineMaterials/DefaultDiffuse.uasset" 282
"../../../Engine/Content/EngineMaterials/DefaultNormal.uasset" 283
"../../../Engine/Content/Maps/Entry.umap" 284
"../../../MyDemoLevelProject/Content/StarterContent/Maps/Minimal_Default.umap" 285
"../../../MyDemoLevelProject/Content/StarterContent/Blueprints/Assets/FogBrightnessLUT.uasset" 286
"../../../MyDemoLevelProject/Content/StarterContent/Blueprints/Assets/SunlightColorLUT.uasset" 287
"../../../MyDemoLevelProject/Content/StarterContent/Blueprints/Assets/M_LightStage_Arrows.uasset" 288
"../../../Engine/Content/MapTemplates/Sky/DaylightAmbientCubemap.uasset" 289
"../../../MyDemoLevelProject/Content/StarterContent/Blueprints/Assets/M_LightStage_Skybox_Master.uasset" 290
"../../../MyDemoLevelProject/Content/StarterContent/Blueprints/Assets/M_LightStage_Skybox_Black.uasset" 291
"../../../MyDemoLevelProject/Content/StarterContent/Blueprints/Assets/M_LightStage_Skybox_HDRI.uasset" 292
"../../../Engine/Content/EditorMaterials/Thumbnails/SkySphereMaterial.uasset" 293
"../../../MyDemoLevelProject/Content/StarterContent/Blueprints/Assets/Skybox.uasset" 294
"../../../MyDemoLevelProject/Content/StarterContent/Blueprints/Assets/SM_Arrows.uasset" 295
"../../../MyDemoLevelProject/Content/StarterContent/HDRI/HDRI_Epic_Courtyard_Daylight.uasset" 296
"../../../MyDemoLevelProject/Content/StarterContent/Blueprints/BP_LightStudio.uasset" 297
"../../../MyDemoLevelProject/Content/StarterContent/Materials/M_AssetPlatform.uasset" 298
"../../../Engine/Content/EditorMeshes/ColorCalibrator/M_ChromeBall.uasset" 299
"../../../Engine/Content/EditorMeshes/ColorCalibrator/M_ClearCoat.uasset" 300
"../../../Engine/Content/EditorMeshes/ColorCalibrator/M_ClearCoatBlack.uasset" 301
"../../../Engine/Content/EditorMeshes/ColorCalibrator/T_ColorGrid.uasset" 302
"../../../Engine/Content/EditorMeshes/ColorCalibrator/M_ColorGrid.uasset" 303
"../../../Engine/Content/EditorMeshes/ColorCalibrator/M_GreyBall.uasset" 304
"../../../Engine/Content/EditorMeshes/ColorCalibrator/SM_ColorCalibrator.uasset" 305
"../../../MyDemoLevelProject/Content/StarterContent/Architecture/SM_AssetPlatform.uasset" 306
"../../../MyDemoLevelProject/Content/StarterContent/Maps/Advanced_Lighting.umap" 307
"../../../Engine/Content/EngineFonts/Roboto.uasset" 308
"../../../Engine/Content/Functions/Engine_MaterialFunctions01/Shading/PowerToRoughness.uasset" 309
"../../../Engine/Content/Functions/Engine_MaterialFunctions01/Shading/ConvertFromDiffSpec.uasset" 310
"../../../Engine/Content/EngineMaterials/DefaultDeferredDecalMaterial.uasset" 311
"../../../Engine/Content/EngineMaterials/DefaultLightFunctionMaterial.uasset" 312
"../../../Engine/Content/Functions/Engine_MaterialFunctions02/Utility/BreakOutFloat2Components.uasset" 313
"../../../Engine/Content/EngineMaterials/DefaultPostProcessMaterial.uasset" 314
"../../../Engine/Content/EngineResources/DefaultTexture.uasset" 315
"../../../Engine/Content/Functions/Engine_MaterialFunctions02/Texturing/ScreenAlignedUVs.uasset" 316
"../../../Engine/Content/EngineResources/WhiteSquareTexture.uasset" 317
"../../../Engine/Content/EngineMaterials/Widget3DPassThrough.uasset" 318
"../../../Engine/Content/EngineMaterials/Widget3DPassThrough_Translucent.uasset" 319
"../../../Engine/Content/EngineMaterials/Widget3DPassThrough_Translucent_OneSided.uasset" 320
"../../../Engine/Content/EngineMaterials/Widget3DPassThrough_Opaque.uasset" 321
"../../../Engine/Content/EngineMaterials/Widget3DPassThrough_Opaque_OneSided.uasset" 322
"../../../Engine/Content/EngineMaterials/Widget3DPassThrough_Masked.uasset" 323
"../../../Engine/Content/EngineMaterials/Widget3DPassThrough_Masked_OneSided.uasset" 324
"../../../Engine/Content/EditorResources/S_Actor.uasset" 325
"../../../Engine/Content/Maps/Templates/Thumbnails/Default.uasset" 326
"../../../Engine/Content/EditorMaterials/ParticleSystems/PSysThumbnail_NoImage.uasset" 327
"../../../Engine/Content/EditorMaterials/ParticleSystems/PSysThumbnail_OOD.uasset" 328
"../../../Engine/Content/EditorLandscapeResources/DataLayer.uasset" 329
"../../../Engine/Content/EngineDamageTypes/DmgTypeBP_Environmental.uasset" 330
"../../../Engine/Content/EngineMeshes/Sphere.uasset" 331
"../../../Engine/Content/EngineMaterials/DefaultTextMaterialOpaque.uasset" 332
"../../../Engine/Content/EditorResources/S_Trigger.uasset" 333
"../../../Engine/Content/EngineResources/GradientTexture0.uasset" 334
"../../../Engine/Content/EngineResources/Black.uasset" 335
"../../../Engine/Content/EditorMaterials/MatineeGroups/MAT_Groups_Float.uasset" 336
"../../../Engine/Content/EditorMaterials/MatineeGroups/MAT_Groups_Director.uasset" 337
"../../../Engine/Content/EditorMaterials/MatineeGroups/MAT_Groups_Event.uasset" 338
"../../../Engine/Content/EditorMaterials/MatineeGroups/MAT_Groups_Anim.uasset" 339
"../../../Engine/Content/EditorMaterials/MatineeGroups/MAT_Groups_Fade.uasset" 340
"../../../Engine/Content/EditorMaterials/MatineeGroups/MAT_Groups_Move.uasset" 341
"../../../Engine/Content/EditorMaterials/MatineeGroups/MAT_Groups_Slomo.uasset" 342
"../../../Engine/Content/EditorMaterials/MatineeGroups/MAT_ColorTrack.uasset" 343
"../../../Engine/Content/EditorMaterials/MAT_Groups_Toggle.uasset" 344
"../../../Engine/Content/EditorMaterials/MatineeGroups/MAT_Groups_AudioMaster.uasset" 345
"../../../Engine/Content/EditorMaterials/MatineeGroups/MAT_Groups_Sound.uasset" 346
"../../../Engine/Content/EditorMaterials/MatineeGroups/MAT_Groups_Vector.uasset" 347
"../../../Engine/Content/EditorMaterials/MAT_Groups_Visibility.uasset" 348
"../../../Engine/Content/EngineResources/DefaultTextureCube.uasset" 349
"../../../Engine/Content/EngineMeshes/Cylinder.uasset" 350
"../../../Engine/Content/EngineTireTypes/DefaultTireType.uasset" 351
"../../../Engine/Content/EngineResources/AICON-Red.uasset" 352
"../../../Engine/Content/EngineResources/AICON-Green.uasset" 353
"../../../Engine/Content/Tutorial/Basics/LevelEditorAttract.uasset" 354
"../../../Engine/Content/Tutorial/Basics/TutorialAssets/icon_tab_Levels_40x.uasset" 355
"../../../Engine/Content/Tutorial/Basics/LevelEditorOverview.uasset" 356
"../../../Engine/Content/Tutorial/Basics/FeaturePacks.uasset" 357
"../../../Engine/Content/Tutorial/Basics/ContentBrowserOverview.uasset" 358
"../../../Engine/Content/Tutorial/Basics/TutorialAssets/CameraActor_64x.uasset" 359
"../../../Engine/Content/Tutorial/Basics/ViewportsTutorial.uasset" 360
"../../../Engine/Content/Tutorial/BlueprintTutorials/TutorialAssets/Blueprint_64x.uasset" 361
"../../../Engine/Content/Tutorial/InWorldBlueprintEditing/IWBE_Tutorial_Part3.uasset" 362
"../../../Engine/Content/Tutorial/InWorldBlueprintEditing/IWBE_Tutorial_Part2.uasset" 363
"../../../Engine/Content/Tutorial/InWorldBlueprintEditing/IWBE_Tutorial.uasset" 364
"../../../Engine/Content/Tutorial/InWorldBlueprintEditing/TutorialAssets/IWBE_Bridge1.uasset" 365
"../../../Engine/Content/Tutorial/ContentIntroCurve.uasset" 366
"../../../Engine/Plugins/2D/Paper2D/Content/PlaceholderTextures/DummySpriteTexture.uasset" 367
"../../../Engine/Plugins/2D/Paper2D/Content/DefaultSpriteMaterial.uasset" 368
"../../../Engine/Plugins/2D/Paper2D/Content/MaskedUnlitSpriteMaterial.uasset" 369
"../../../Engine/Plugins/2D/Paper2D/Content/OpaqueUnlitSpriteMaterial.uasset" 370
"../../../Engine/Plugins/2D/Paper2D/Content/DummySpriteTexture.uasset" 371
"../../../Engine/Plugins/2D/Paper2D/Content/DummySprite.uasset" 372
"../../../Engine/Plugins/2D/Paper2D/Content/DefaultPaperTerrainMaterial.uasset" 373
"../../../Engine/Plugins/Runtime/LeapMotionController/Content/LM_CapsuleMesh.uasset" 374
"../../../Engine/Plugins/Runtime/LeapMotionController/Content/LM_TorusMesh.uasset" 375
"../../../Engine/Plugins/Runtime/LeapMotionController/Content/LM_HandColor.uasset" 376
"../../../Engine/Plugins/Runtime/LeapMotionController/Content/LM_SampleDistortion.uasset" 377
"../../../Engine/Plugins/Runtime/LeapMotionController/Content/LM_TestTexture.uasset" 378
"../../../Engine/Plugins/Runtime/LeapMotionController/Content/LM_PassthroughMaterial.uasset" 379
"../../../Engine/Content/BasicShapes/Cube.uasset" 380
"../../../Engine/Content/EngineMaterials/RemoveSurfaceMaterial.uasset" 381
"../../../Engine/Content/EngineDebugMaterials/DebugMeshMaterial.uasset" 382
"../../../Engine/Content/EngineMaterials/InvalidLightmapSettings.uasset" 383
"../../../Engine/Content/EngineMaterials/M_InvalidLightmapSettings.uasset" 384
"../../../Engine/Content/EditorMaterials/GizmoMaterial.uasset" 385
"../../../Engine/Content/EngineMaterials/Good64x64TilingNoiseHighFreq.uasset" 386
"../../../Engine/Content/EngineMaterials/DefaultBokeh.uasset" 387
"../../../Engine/Content/EngineMaterials/PreintegratedSkinBRDF.uasset" 388
"../../../Engine/Content/EngineMaterials/MiniFont.uasset" 389
"../../../Engine/Content/EngineMaterials/WeightMapPlaceholderTexture.uasset" 390
"../../../Engine/Content/EngineMaterials/DefaultWhiteGrid.uasset" 391
"../../../Engine/Content/EngineMaterials/DefaultPhysicalMaterial.uasset" 392
"../../../Engine/Content/EngineFonts/RobotoTiny.uasset" 393
"../../../Engine/Content/EditorResources/LightIcons/S_LightError.uasset" 394
"../../../Engine/Content/MobileResources/HUD/MobileHUDButton2_on.uasset" 395
"../../../Engine/Content/EditorResources/AudioIcons/S_AudioComponent_AutoActivate.uasset" 396
"../../../Engine/Content/EditorResources/EmptyActor.uasset" 397
"../../../MyDemoLevelProject/Content/FirstPerson/Textures/FirstPersonCrosshair.uasset" 398
"../../../MyDemoLevelProject/Content/FirstPersonBP/Blueprints/FirstPersonHUD.uasset" 399
"../../../MyDemoLevelProject/Content/FirstPersonBP/Blueprints/FirstPersonGameMode.uasset" 400
"../../../Engine/Content/MobileResources/HUD/MobileHUDDirectionPad3.uasset" 401
"../../../MyDemoLevelProject/Content/FirstPerson/FPWeapon/Materials/MaterialLayers/ML_Plastic_Shiny_Beige_LOGO.uasset" 402
"../../../MyDemoLevelProject/Content/FirstPerson/FPWeapon/Materials/MaterialLayers/T_ML_FineRubber.uasset" 403
"../../../Engine/Content/EditorMaterials/PhAT_JointLimitMaterial.uasset" 404
"../../../Engine/Content/EditorMaterials/PreviewShadowIndicator.uasset" 405
"../../../Engine/Content/EditorMaterials/PreviewShadowIndicatorMaterial.uasset" 406
"../../../Engine/Content/EditorResources/BSPVertex.uasset" 407
"../../../Engine/Content/EditorResources/AudioIcons/S_AudioComponent.uasset" 408
"../../../Engine/Content/EngineDebugMaterials/HeatmapGradient.uasset" 409
"../../../Engine/Content/EngineDebugMaterials/BoneWeightMaterial.uasset" 410
"../../../Engine/Content/EngineDebugMaterials/GeomMaterial.uasset" 411
"../../../Engine/Content/EngineMaterials/EditorBrushMaterial.uasset" 412
"../../../Engine/Content/MobileResources/T_MobileControls_texture.uasset" 413
"../../../Engine/Content/MobileResources/T_MobileMenu2.uasset" 414
"../../../Engine/Content/MobileResources/HUD/AnalogHat.uasset" 415
"../../../Engine/Content/MobileResources/HUD/VirtualJoystick_Background.uasset" 416
"../../../Engine/Content/MobileResources/HUD/VirtualJoystick_Thumb.uasset" 417
"../../../Engine/Content/MobileResources/HUD/DefaultVirtualJoysticks.uasset" 418
"../../../Engine/Content/MobileResources/HUD/LeftVirtualJoystickOnly.uasset" 419
"../../../Engine/Content/MobileResources/HUD/MobileHUDButton1_off.uasset" 420
"../../../Engine/Content/MobileResources/HUD/MobileHUDButton1_on.uasset" 421
"../../../Engine/Content/MobileResources/HUD/MobileHUDButton2_off.uasset" 422
"../../../Engine/Content/MobileResources/HUD/MobileHUDButton3.uasset" 423
"../../../Engine/Content/MobileResources/HUD/MobileHUDButtonFire.uasset" 424
"../../../Engine/Content/MobileResources/HUD/MobileHUDDirectionPad.uasset" 425
"../../../Engine/Content/MobileResources/HUD/MobileHUDDirectionPad2.uasset" 426
"../../../Engine/Content/MobileResources/HUD/MobileHUDDirectionStick.uasset" 427
"../../../Engine/Content/MobileResources/HUD/T_Castle_ThumbstickInner.uasset" 428
"../../../Engine/Content/MobileResources/HUD/T_Castle_ThumbstickOutter.uasset" 429
"../../../Engine/Content/Tutorial/BlueprintTutorials/BlueprintEditorTutorial.uasset" 430
"../../../Engine/Content/Tutorial/BlueprintTutorials/TutorialAssets/BlueprintInterface_64x.uasset" 431
"../../../Engine/Content/Tutorial/BlueprintTutorials/TutorialAssets/Tutorial_BP_Interface.uasset" 432
"../../../Engine/Content/Tutorial/BlueprintTutorials/BlueprintInterfacesEditorOverview.uasset" 433
"../../../Engine/Content/Tutorial/BlueprintTutorials/TutorialAssets/BlueprintMacroLibrary_64x.uasset" 434
"../../../Engine/Content/Tutorial/BlueprintTutorials/TutorialAssets/Tutorial_BP_MacroLib.uasset" 435
"../../../Engine/Content/Tutorial/BlueprintTutorials/BlueprintMacroLibrariesEditorOverview.uasset" 436
"../../../Engine/Content/Tutorial/BlueprintTutorials/LevelBlueprintEditorOverview.uasset" 437
"../../../Engine/Content/Tutorial/Foliage/TutorialAssets/Foliage.uasset" 438
"../../../Engine/Content/Tutorial/Foliage/Foliage_Settings_Tutorial.uasset" 439
"../../../Engine/Content/Tutorial/Foliage/Foliage_Using_The_Tool_Tutorial.uasset" 440
"../../../Engine/Content/Tutorial/Foliage/Foliage_Intro_Tutorial.uasset" 441
"../../../Engine/Content/Tutorial/Landscape/TutorialAssets/Landscape.uasset" 442
"../../../Engine/Content/Tutorial/Landscape/Landscape_Painting_Mode.uasset" 443
"../../../Engine/Content/Tutorial/Landscape/Landscape_Sculpt_Mode.uasset" 444
"../../../Engine/Content/Tutorial/Landscape/Landscape_Manage_Mode.uasset" 445
"../../../Engine/Content/Tutorial/Paper2D/TutorialAssets/Paper2DFlipbook_TutorialIcon.uasset" 446
"../../../Engine/Content/Tutorial/Paper2D/FlipbookEditorTutorial.uasset" 447
"../../../Engine/Content/Tutorial/Paper2D/TutorialAssets/Paper2DSprite_TutorialIcon.uasset" 448
"../../../Engine/Content/Tutorial/Paper2D/SpriteEditorTutorial.uasset" 449
"../../../Engine/Content/EditorMeshes/EditorCube.uasset" 450
"../../../Engine/Content/Tutorial/SubEditors/TutorialAssets/Tutorial_DM.uasset" 451
"../../../Engine/Content/Tutorial/SubEditors/DestructibleMeshEditorTutorial.uasset" 452
"../../../Engine/Content/Tutorial/SubEditors/TutorialAssets/TutorialMaterial.uasset" 453
"../../../Engine/Content/Tutorial/SubEditors/MaterialEditorTutorial.uasset" 454
"../../../Engine/Content/Tutorial/SubEditors/TutorialAssets/T_SmokeSubUV_8X8.uasset" 455
"../../../Engine/Content/Tutorial/SubEditors/TutorialAssets/T_soft_smoke.uasset" 456
"../../../Engine/Content/Tutorial/SubEditors/TutorialAssets/M_smoke_subUV_blackbody.uasset" 457
"../../../Engine/Content/Tutorial/SubEditors/TutorialAssets/TutorialParticleSystem.uasset" 458
"../../../Engine/Content/Tutorial/SubEditors/ParticleSystemEditorTutorial.uasset" 459
"../../../Engine/Content/Tutorial/SubEditors/TutorialAssets/icon_ShowSkeletalMeshes_40x.uasset" 460
"../../../Engine/Content/Tutorial/SubEditors/TutorialAssets/Character/TutorialTPP_Mat.uasset" 461
"../../../Engine/Content/Tutorial/SubEditors/TutorialAssets/Character/TutorialTPP_PhysicsAsset.uasset" 462
"../../../Engine/Content/Tutorial/SubEditors/TutorialAssets/Character/TutorialTPP.uasset" 463
"../../../Engine/Content/Tutorial/SubEditors/TutorialAssets/Character/TutorialTPP_Skeleton.uasset" 464
"../../../Engine/Content/Tutorial/SubEditors/TutorialAssets/Character/Tutorial_Idle.uasset" 465
"../../../Engine/Content/Tutorial/SubEditors/TutorialAssets/Character/Tutorial_Walk_Fwd.uasset" 466
"../../../Engine/Content/Tutorial/SubEditors/TutorialAssets/Character/NewBlendSpace1D.uasset" 467
"../../../Engine/Content/Tutorial/SubEditors/TutorialAssets/Character/TutorialCharacter.uasset" 468
"../../../Engine/Content/Tutorial/SubEditors/TutorialAssets/Character/TutorialTPP_AnimBlueprint.uasset" 469
"../../../Engine/Content/Tutorial/SubEditors/PersonaAnimBlueprintEditorWalkthrough.uasset" 470
"../../../Engine/Content/Tutorial/SubEditors/PersonaAnimEditorWalkthrough.uasset" 471
"../../../Engine/Content/EngineMeshes/Cube.uasset" 472
"../../../Engine/Content/Tutorial/SubEditors/StaticMeshEditorTutorial.uasset" 473
"../../../Engine/Content/Tutorial/SubEditors/TutorialAssets/icon_Editor_Preferences_General_40x.uasset" 474
"../../../MyDemoLevelProject/Content/FirstPerson/FPWeapon/Mesh/SK_FPGun_PhysicsAsset.uasset" 475
"../../../MyDemoLevelProject/Content/FirstPersonBP/FirstPersonOverview.uasset" 476
"../../../MyDemoLevelProject/Content/Geometry/Meshes/1M_Cube_Chamfer.uasset" 477
"../../../MyDemoLevelProject/Content/Geometry/Meshes/TemplateFloor.uasset" 478
"../../../MyDemoLevelProject/Content/StarterContent/Architecture/Wall_400x300.uasset" 479
"../../../MyDemoLevelProject/Content/StarterContent/Architecture/Wall_400x400.uasset" 480
"../../../MyDemoLevelProject/Content/StarterContent/Architecture/Wall_500x500.uasset" 481
"../../../MyDemoLevelProject/Content/StarterContent/Architecture/Wall_Door_400x400.uasset" 482
"../../../MyDemoLevelProject/Content/StarterContent/Architecture/Wall_Window_400x400.uasset" 483
"../../../MyDemoLevelProject/Content/StarterContent/Audio/Light01.uasset" 484
"../../../MyDemoLevelProject/Content/StarterContent/Audio/Light01_Cue.uasset" 485
"../../../MyDemoLevelProject/Content/StarterContent/Audio/Light02.uasset" 486
"../../../MyDemoLevelProject/Content/StarterContent/Audio/Light02_Cue.uasset" 487
"../../../MyDemoLevelProject/Content/StarterContent/Audio/Explosion01.uasset" 488
"../../../MyDemoLevelProject/Content/StarterContent/Audio/Explosion02.uasset" 489
"../../../MyDemoLevelProject/Content/StarterContent/Audio/Explosion_Cue.uasset" 490
"../../../MyDemoLevelProject/Content/StarterContent/Textures/T_Burst_M.uasset" 491
"../../../MyDemoLevelProject/Content/StarterContent/Particles/Materials/M_Burst.uasset" 492
"../../../MyDemoLevelProject/Content/StarterContent/Textures/T_Explosion_SubUV.uasset" 493
"../../../MyDemoLevelProject/Content/StarterContent/Particles/Materials/M_explosion_subUV.uasset" 494
"../../../MyDemoLevelProject/Content/StarterContent/Particles/Materials/m_flare_01.uasset" 495
"../../../MyDemoLevelProject/Content/StarterContent/Particles/Materials/M_radial_ramp.uasset" 496
"../../../MyDemoLevelProject/Content/StarterContent/Particles/P_Explosion.uasset" 497
"../../../MyDemoLevelProject/Content/StarterContent/Blueprints/Blueprint_Effect_Explosion.uasset" 498
"../../../MyDemoLevelProject/Content/StarterContent/Materials/M_ColorGrid_LowSpec.uasset" 499
"../../../MyDemoLevelProject/Content/StarterContent/Textures/T_Door_M.uasset" 500
"../../../MyDemoLevelProject/Content/StarterContent/Textures/T_Door_N.uasset" 501
"../../../MyDemoLevelProject/Content/StarterContent/Props/Materials/M_Door.uasset" 502
"../../../MyDemoLevelProject/Content/StarterContent/Props/SM_Door.uasset" 503
"../../../MyDemoLevelProject/Content/StarterContent/Shapes/Shape_Cone.uasset" 504
"../../../MyDemoLevelProject/Content/StarterContent/Shapes/Shape_Cylinder.uasset" 505
"../../../MyDemoLevelProject/Content/StarterContent/Shapes/Shape_NarrowCapsule.uasset" 506
"../../../MyDemoLevelProject/Content/StarterContent/Shapes/Shape_Pipe.uasset" 507
"../../../MyDemoLevelProject/Content/StarterContent/Shapes/Shape_Pipe_180.uasset" 508
"../../../MyDemoLevelProject/Content/StarterContent/Shapes/Shape_Pipe_90.uasset" 509
"../../../MyDemoLevelProject/Content/StarterContent/Shapes/Shape_Plane.uasset" 510
"../../../MyDemoLevelProject/Content/StarterContent/Shapes/Shape_Torus.uasset" 511
"../../../MyDemoLevelProject/Content/StarterContent/Shapes/Shape_Trim.uasset" 512
"../../../MyDemoLevelProject/Content/StarterContent/Shapes/Shape_Trim_90_In.uasset" 513
"../../../MyDemoLevelProject/Content/StarterContent/Shapes/Shape_Trim_90_Out.uasset" 514
"../../../MyDemoLevelProject/Content/StarterContent/Shapes/Shape_TriPyramid.uasset" 515
"../../../MyDemoLevelProject/Content/StarterContent/Shapes/Shape_Tube.uasset" 516
"../../../MyDemoLevelProject/Content/StarterContent/Shapes/Shape_Wedge_A.uasset" 517
"../../../MyDemoLevelProject/Content/StarterContent/Shapes/Shape_Wedge_B.uasset" 518
"../../../MyDemoLevelProject/Content/StarterContent/Shapes/Shape_WideCapsule.uasset" 519
